PIF:
(23, None)
(24, None)
(12, None)
(13, None)
(16, None)
(22, None)
(-1, ("ID", 3, 0))
(18, None)
(34, None)
(19, None)
(22, None)
(-1, ("ID", 6, 0))
(18, None)
(34, None)
(19, None)
(22, None)
(-1, ("ID", 3, 1))
(18, None)
(34, None)
(19, None)
(25, None)
(12, None)
(-1, ("ID", 3, 0))
(13, None)
(19, None)
(-1, ("ID", 3, 1))
(5, None)
(-1, ("INT", 0, 0))
(19, None)
(26, None)
(12, None)
(-1, ("ID", 6, 0))
(36, None)
(-1, ("INT", 0, 0))
(21, None)
(-1, ("ID", 3, 0))
(13, None)
(16, None)
(22, None)
(-1, ("ID", 5, 0))
(18, None)
(34, None)
(19, None)
(25, None)
(12, None)
(-1, ("ID", 5, 0))
(13, None)
(19, None)
(28, None)
(12, None)
(-1, ("ID", 5, 0))
(9, None)
(-1, ("ID", 3, 1))
(13, None)
(16, None)
(-1, ("ID", 3, 1))
(5, None)
(-1, ("ID", 5, 0))
(19, None)
(17, None)
(17, None)
(27, None)
(12, None)
(-1, ("ID", 3, 1))
(13, None)
(19, None)
(17, None)
Symbol table:
ID:
[]
[]
[]
["n", "max"]
[]
["x"]
["i"]
[]
[]
[]
INT:
[0]
[]
[]
[]
[]
[]
[]
[]
[]
[]
STRING:
[]
[]
[]
[]
[]
[]
[]
[]
[]
[]